<?xml version="1.0" encoding="UTF-8"?>
<testng-results skipped="0" failed="0" total="1" passed="1">
  <reporter-output>
  </reporter-output>
  <suite name="Default suite" duration-ms="6504" started-at="2017-08-31T08:25:38Z" finished-at="2017-08-31T08:25:44Z">
    <groups>
    </groups>
    <test name="Default test" duration-ms="6504" started-at="2017-08-31T08:25:38Z" finished-at="2017-08-31T08:25:44Z">
      <class name="com.qa.uptake.tests.NavigationTests">
        <test-method status="PASS" signature="setUp()[pri:0, instance:com.qa.uptake.tests.NavigationTests@4439f31e]" name="setUp" is-config="true" duration-ms="2679" started-at="2017-08-31T03:25:35Z" finished-at="2017-08-31T03:25:38Z">
          <reporter-output>
          </reporter-output>
        </test-method> <!-- setUp -->
        <test-method status="PASS" signature="before()[pri:0, instance:com.qa.uptake.tests.NavigationTests@4439f31e]" name="before" is-config="true" duration-ms="4851" started-at="2017-08-31T03:25:38Z" finished-at="2017-08-31T03:25:43Z">
          <reporter-output>
          </reporter-output>
        </test-method> <!-- before -->
        <test-method status="PASS" signature="verifyNavigation()[pri:0, instance:com.qa.uptake.tests.NavigationTests@4439f31e]" name="verifyNavigation" duration-ms="1598" started-at="2017-08-31T03:25:43Z" finished-at="2017-08-31T03:25:44Z">
          <reporter-output>
          </reporter-output>
        </test-method> <!-- verifyNavigation -->
        <test-method status="PASS" signature="after()[pri:0, instance:com.qa.uptake.tests.NavigationTests@4439f31e]" name="after" is-config="true" duration-ms="48" started-at="2017-08-31T03:25:44Z" finished-at="2017-08-31T03:25:44Z">
          <reporter-output>
          </reporter-output>
        </test-method> <!-- after -->
      </class> <!-- com.qa.uptake.tests.NavigationTests -->
    </test> <!-- Default test -->
  </suite> <!-- Default suite -->
</testng-results>
